<?xml version="1.0" encoding="UTF-8"?>
<!-- Generated by org.testng.reporters.JUnitXMLReporter -->
<testsuite hostname="DESKTOP-03MFO21" failures="0" tests="4" name="Chrome_Browser" time="33.739" errors="0" timestamp="10 Apr 2023 02:58:27 GMT">
  <testcase classname="tests.BookAFlightTest" name="searchForFlights" time="8.069"/>
  <testcase classname="tests.BookAFlightTest" name="chooseLowestPricedAirline" time="0.937"/>
  <testcase classname="tests.BookAFlightTest" name="purchaseFlightTicket" time="2.431"/>
  <testcase classname="tests.BookAFlightTest" name="bookingConfirmed" time="0.052"/>
</testsuite> <!-- Chrome_Browser -->
