<?xml version="1.0" encoding="UTF-8"?>
<testng-results total="4" passed="4" failed="0" skipped="0">
  <reporter-output>
  </reporter-output>
  <suite started-at="2023-04-10T02:57:53Z" name="runtest" finished-at="2023-04-10T02:58:27Z" duration-ms="33739">
    <groups>
    </groups>
    <test started-at="2023-04-10T02:57:53Z" name="Chrome_Browser" finished-at="2023-04-10T02:58:27Z" duration-ms="33739">
      <class name="tests.BookAFlightTest">
        <test-method is-config="true" signature="Config()[pri:0, instance:tests.BookAFlightTest@f09733f]" started-at="2023-04-09T22:57:53Z" name="Config" finished-at="2023-04-09T22:57:53Z" duration-ms="32" status="PASS">
          <reporter-output>
          </reporter-output>
        </test-method> <!-- Config -->
        <test-method is-config="true" signature="launchBrowser(java.lang.String)[pri:0, instance:tests.BookAFlightTest@f09733f]" started-at="2023-04-09T22:57:53Z" name="launchBrowser" finished-at="2023-04-09T22:57:58Z" duration-ms="4792" status="PASS">
          <params>
            <param index="0">
              <value>
                <![CDATA[chrome]]>
              </value>
            </param>
          </params>
          <reporter-output>
          </reporter-output>
        </test-method> <!-- launchBrowser -->
        <test-method is-config="true" signature="setup()[pri:0, instance:tests.BookAFlightTest@f09733f]" started-at="2023-04-09T22:57:58Z" name="setup" finished-at="2023-04-09T22:57:58Z" duration-ms="37" status="PASS">
          <reporter-output>
          </reporter-output>
        </test-method> <!-- setup -->
        <test-method signature="searchForFlights(builder.BookingDetailsBuilder)[pri:0, instance:tests.BookAFlightTest@f09733f]" started-at="2023-04-09T22:57:58Z" name="searchForFlights" description="Search for flights" data-provider="bookFlight" finished-at="2023-04-09T22:58:06Z" duration-ms="8069" status="PASS">
          <params>
            <param index="0">
              <value>
                <![CDATA[builder.BookingDetailsBuilder@475b7792]]>
              </value>
            </param>
          </params>
          <reporter-output>
          </reporter-output>
        </test-method> <!-- searchForFlights -->
        <test-method signature="chooseLowestPricedAirline(builder.BookingDetailsBuilder)[pri:0, instance:tests.BookAFlightTest@f09733f]" started-at="2023-04-09T22:58:10Z" name="chooseLowestPricedAirline" description="Choose Low cost airline" data-provider="bookFlight" finished-at="2023-04-09T22:58:11Z" depends-on-methods="tests.BookAFlightTest.searchForFlights" duration-ms="937" status="PASS">
          <params>
            <param index="0">
              <value>
                <![CDATA[builder.BookingDetailsBuilder@4aa3d36]]>
              </value>
            </param>
          </params>
          <reporter-output>
          </reporter-output>
        </test-method> <!-- chooseLowestPricedAirline -->
        <test-method signature="purchaseFlightTicket(builder.BookingDetailsBuilder)[pri:0, instance:tests.BookAFlightTest@f09733f]" started-at="2023-04-09T22:58:16Z" name="purchaseFlightTicket" description="Enter details and purchase a ticket" data-provider="bookFlight" finished-at="2023-04-09T22:58:18Z" depends-on-methods="tests.BookAFlightTest.chooseLowestPricedAirline" duration-ms="2431" status="PASS">
          <params>
            <param index="0">
              <value>
                <![CDATA[builder.BookingDetailsBuilder@36074e47]]>
              </value>
            </param>
          </params>
          <reporter-output>
          </reporter-output>
        </test-method> <!-- purchaseFlightTicket -->
        <test-method signature="bookingConfirmed()[pri:0, instance:tests.BookAFlightTest@f09733f]" started-at="2023-04-09T22:58:22Z" name="bookingConfirmed" description="Confirmation page displayed after purchase" finished-at="2023-04-09T22:58:22Z" depends-on-methods="tests.BookAFlightTest.purchaseFlightTicket" duration-ms="52" status="PASS">
          <reporter-output>
          </reporter-output>
        </test-method> <!-- bookingConfirmed -->
        <test-method is-config="true" signature="tearDownBrowser()[pri:0, instance:tests.BookAFlightTest@f09733f]" started-at="2023-04-09T22:58:27Z" name="tearDownBrowser" finished-at="2023-04-09T22:58:27Z" duration-ms="309" status="PASS">
          <reporter-output>
          </reporter-output>
        </test-method> <!-- tearDownBrowser -->
        <test-method is-config="true" signature="afterTest()[pri:0, instance:tests.BookAFlightTest@f09733f]" started-at="2023-04-09T22:58:27Z" name="afterTest" description="After test info" finished-at="2023-04-09T22:58:27Z" duration-ms="0" status="PASS">
          <reporter-output>
          </reporter-output>
        </test-method> <!-- afterTest -->
      </class> <!-- tests.BookAFlightTest -->
    </test> <!-- Chrome_Browser -->
  </suite> <!-- runtest -->
</testng-results>
