<?xml version="1.0" encoding="UTF-8"?>
<!-- Generated by org.testng.reporters.JUnitXMLReporter -->
<testsuite hostname="DESKTOP-03MFO21" failures="0" tests="4" name="Test" time="30.801" errors="0" timestamp="6 Apr 2023 15:14:16 GMT">
  <testcase classname="tests.BookAFlightTest" name="searchForFlights" time="6.086"/>
  <testcase classname="tests.BookAFlightTest" name="chooseLowestPricedAirline" time="1.149"/>
  <testcase classname="tests.BookAFlightTest" name="purchaseFlightTicket" time="3.642"/>
  <testcase classname="tests.BookAFlightTest" name="bookingConfirmed" time="0.065"/>
</testsuite> <!-- Test -->
